#-----------------------------------------------------------
# Vivado v2022.1 (64-bit)
# SW Build 3526262 on Mon Apr 18 15:47:01 MDT 2022
# IP Build 3524634 on Mon Apr 18 20:55:01 MDT 2022
# Start of session at: Thu May 21 11:54:26 2026
# Process ID: 624003
# Current directory: /tmp/edagent_uart_echo
# Command line: vivado -mode batch -source impl.tcl -log /tmp/edagent_uart_echo/vivado_impl.log
# Log file: /tmp/edagent_uart_echo/vivado_impl.log
# Journal file: /tmp/edagent_uart_echo/vivado.jou
# Running On: MiWiFi-RD08-srv, OS: Linux, CPU Frequency: 3494.401 MHz, CPU Physical cores: 8, Host memory: 8306 MB
#-----------------------------------------------------------
source impl.tcl
# puts "INFO: Starting implementation ¡ª uart_echo"
INFO: Starting implementation ¡ª uart_echo
# open_checkpoint {/tmp/edagent_uart_echo/checkpoints/post_synth.dcp}
Command: open_checkpoint /tmp/edagent_uart_echo/checkpoints/post_synth.dcp

Starting open_checkpoint Task

Time (s): cpu = 00:00:00.05 ; elapsed = 00:00:00.03 . Memory (MB): peak = 2840.578 ; gain = 5.938 ; free physical = 914 ; free virtual = 12153
INFO: [Device 21-403] Loading part xc7a35ticsg324-1L
Netlist sorting complete. Time (s): cpu = 00:00:00 ; elapsed = 00:00:00 . Memory (MB): peak = 2850.594 ; gain = 0.000 ; free physical = 1542 ; free virtual = 12783
INFO: [Project 1-479] Netlist was created with Vivado 2022.1
INFO: [Project 1-570] Preparing netlist for logic optimization
INFO: [Timing 38-478] Restoring timing data from binary archive.
INFO: [Timing 38-479] Binary timing data restore complete.
INFO: [Project 1-856] Restoring constraints from binary archive.
INFO: [Project 1-853] Binary constraint restore complete.
Reading XDEF placement.
Reading placer database...
Reading XDEF routing.
Read XDEF Files: Time (s): cpu = 00:00:00.04 ; elapsed = 00:00:00.04 . Memory (MB): peak = 2850.594 ; gain = 0.000 ; free physical = 1071 ; free virtual = 12312
Restored from archive | CPU: 0.040000 secs | Memory: 1.186958 MB |
Finished XDEF File Restore: Time (s): cpu = 00:00:00.04 ; elapsed = 00:00:00.04 . Memory (MB): peak = 2850.594 ; gain = 0.000 ; free physical = 1071 ; free virtual = 12312
Netlist sorting complete. Time (s): cpu = 00:00:00 ; elapsed = 00:00:00 . Memory (MB): peak = 2850.594 ; gain = 0.000 ; free physical = 1071 ; free virtual = 12312
INFO: [Project 1-111] Unisim Transformation Summary:
No Unisim elements were transformed.

INFO: [Project 1-604] Checkpoint was created with Vivado v2022.1 (64-bit) build 3526262
open_checkpoint: Time (s): cpu = 00:00:08 ; elapsed = 00:00:08 . Memory (MB): peak = 2850.594 ; gain = 19.922 ; free physical = 1070 ; free virtual = 12311
# opt_design
Command: opt_design
Attempting to get a license for feature 'Implementation' and/or device 'xc7a35ti'
INFO: [Common 17-349] Got license for feature 'Implementation' and/or device 'xc7a35ti'
Running DRC as a precondition to command opt_design

Starting DRC Task
INFO: [DRC 23-27] Running DRC with 8 threads
INFO: [Project 1-461] DRC finished with 0 Errors
INFO: [Project 1-462] Please refer to the DRC report (report_drc) for more information.

Time (s): cpu = 00:00:00.54 ; elapsed = 00:00:00.38 . Memory (MB): peak = 2914.625 ; gain = 64.031 ; free physical = 1063 ; free virtual = 12305

Starting Cache Timing Information Task
INFO: [Timing 38-35] Done setting XDC timing constraints.
Ending Cache Timing Information Task | Checksum: 208b97663

Time (s): cpu = 00:00:00.02 ; elapsed = 00:00:00.01 . Memory (MB): peak = 2914.625 ; gain = 0.000 ; free physical = 1063 ; free virtual = 12305

Starting Logic Optimization Task

Phase 1 Retarget
INFO: [Opt 31-138] Pushed 0 inverter(s) to 0 load pin(s).
INFO: [Opt 31-49] Retargeted 0 cell(s).
Phase 1 Retarget | Checksum: 208b97663

Time (s): cpu = 00:00:00.02 ; elapsed = 00:00:00.02 . Memory (MB): peak = 3092.766 ; gain = 0.000 ; free physical = 819 ; free virtual = 12061
INFO: [Opt 31-389] Phase Retarget created 0 cells and removed 0 cells

Phase 2 Constant propagation
INFO: [Opt 31-138] Pushed 0 inverter(s) to 0 load pin(s).
Phase 2 Constant propagation | Checksum: 208b97663

Time (s): cpu = 00:00:00.02 ; elapsed = 00:00:00.02 . Memory (MB): peak = 3092.766 ; gain = 0.000 ; free physical = 819 ; free virtual = 12061
INFO: [Opt 31-389] Phase Constant propagation created 0 cells and removed 0 cells

Phase 3 Sweep
Phase 3 Sweep | Checksum: 208b97663

Time (s): cpu = 00:00:00.02 ; elapsed = 00:00:00.02 . Memory (MB): peak = 3092.766 ; gain = 0.000 ; free physical = 819 ; free virtual = 12061
INFO: [Opt 31-389] Phase Sweep created 0 cells and removed 0 cells

Phase 4 BUFG optimization
Phase 4 BUFG optimization | Checksum: 208b97663

Time (s): cpu = 00:00:00.02 ; elapsed = 00:00:00.03 . Memory (MB): peak = 3124.781 ; gain = 32.016 ; free physical = 819 ; free virtual = 12061
INFO: [Opt 31-662] Phase BUFG optimization created 0 cells of which 0 are BUFGs and removed 0 cells.

Phase 5 Shift Register Optimization
INFO: [Opt 31-1064] SRL Remap converted 0 SRLs to 0 registers and converted 0 registers of register chains to 0 SRLs
Phase 5 Shift Register Optimization | Checksum: 208b97663

Time (s): cpu = 00:00:00.02 ; elapsed = 00:00:00.03 . Memory (MB): peak = 3124.781 ; gain = 32.016 ; free physical = 819 ; free virtual = 12061
INFO: [Opt 31-389] Phase Shift Register Optimization created 0 cells and removed 0 cells

Phase 6 Post Processing Netlist
Phase 6 Post Processing Netlist | Checksum: 208b97663

Time (s): cpu = 00:00:00.02 ; elapsed = 00:00:00.03 . Memory (MB): peak = 3124.781 ; gain = 32.016 ; free physical = 819 ; free virtual = 12061
INFO: [Opt 31-389] Phase Post Processing Netlist created 0 cells and removed 0 cells
Opt_design Change Summary
=========================


-------------------------------------------------------------------------------------------------------------------------
|  Phase                        |  #Cells created  |  #Cells Removed  |  #Constrained objects preventing optimizations  |
-------------------------------------------------------------------------------------------------------------------------
|  Retarget                     |               0  |               0  |                                              0  |
|  Constant propagation         |               0  |               0  |                                              0  |
|  Sweep                        |               0  |               0  |                                              0  |
|  BUFG optimization            |               0  |               0  |                                              0  |
|  Shift Register Optimization  |               0  |               0  |                                              0  |
|  Post Processing Netlist      |               0  |               0  |                                              0  |
-------------------------------------------------------------------------------------------------------------------------



Starting Connectivity Check Task

Time (s): cpu = 00:00:00 ; elapsed = 00:00:00 . Memory (MB): peak = 3124.781 ; gain = 0.000 ; free physical = 819 ; free virtual = 12061
Ending Logic Optimization Task | Checksum: 208b97663

Time (s): cpu = 00:00:00.02 ; elapsed = 00:00:00.03 . Memory (MB): peak = 3124.781 ; gain = 32.016 ; free physical = 819 ; free virtual = 12061

Starting Power Optimization Task
INFO: [Pwropt 34-132] Skipping clock gating for clocks with a period < 2.00 ns.
Ending Power Optimization Task | Checksum: 208b97663

Time (s): cpu = 00:00:00.01 ; elapsed = 00:00:00.01 . Memory (MB): peak = 3124.781 ; gain = 0.000 ; free physical = 819 ; free virtual = 12061

Starting Final Cleanup Task
Ending Final Cleanup Task | Checksum: 208b97663

Time (s): cpu = 00:00:00 ; elapsed = 00:00:00 . Memory (MB): peak = 3124.781 ; gain = 0.000 ; free physical = 819 ; free virtual = 12061

Starting Netlist Obfuscation Task
Netlist sorting complete. Time (s): cpu = 00:00:00 ; elapsed = 00:00:00 . Memory (MB): peak = 3124.781 ; gain = 0.000 ; free physical = 819 ; free virtual = 12061
Ending Netlist Obfuscation Task | Checksum: 208b97663

Time (s): cpu = 00:00:00 ; elapsed = 00:00:00 . Memory (MB): peak = 3124.781 ; gain = 0.000 ; free physical = 819 ; free virtual = 12061
INFO: [Common 17-83] Releasing license: Implementation
17 Infos, 0 Warnings, 0 Critical Warnings and 0 Errors encountered.
opt_design completed successfully
# place_design
Command: place_design
Attempting to get a license for feature 'Implementation' and/or device 'xc7a35ti'
INFO: [Common 17-349] Got license for feature 'Implementation' and/or device 'xc7a35ti'
INFO: [Timing 38-35] Done setting XDC timing constraints.
INFO: [DRC 23-27] Running DRC with 8 threads
INFO: [Vivado_Tcl 4-198] DRC finished with 0 Errors
INFO: [Vivado_Tcl 4-199] Please refer to the DRC report (report_drc) for more information.
Running DRC as a precondition to command place_design
INFO: [DRC 23-27] Running DRC with 8 threads
INFO: [Vivado_Tcl 4-198] DRC finished with 0 Errors
INFO: [Vivado_Tcl 4-199] Please refer to the DRC report (report_drc) for more information.

Starting Placer Task
INFO: [Place 30-611] Multithreading enabled for place_design using a maximum of 8 CPUs

Phase 1 Placer Initialization

Phase 1.1 Placer Initialization Netlist Sorting
Netlist sorting complete. Time (s): cpu = 00:00:00 ; elapsed = 00:00:00 . Memory (MB): peak = 3220.266 ; gain = 0.000 ; free physical = 761 ; free virtual = 12008
Phase 1.1 Placer Initialization Netlist Sorting | Checksum: 126c71a8b

Time (s): cpu = 00:00:00 ; elapsed = 00:00:00.03 . Memory (MB): peak = 3220.266 ; gain = 0.000 ; free physical = 761 ; free virtual = 12008
Netlist sorting complete. Time (s): cpu = 00:00:00 ; elapsed = 00:00:00 . Memory (MB): peak = 3220.266 ; gain = 0.000 ; free physical = 761 ; free virtual = 12008

Phase 1.2 IO Placement/ Clock Placement/ Build Placer Device
Phase 1.2 IO Placement/ Clock Placement/ Build Placer Device | Checksum: ced09a9a

Time (s): cpu = 00:00:00.17 ; elapsed = 00:00:00.09 . Memory (MB): peak = 3244.277 ; gain = 24.012 ; free physical = 791 ; free virtual = 12038

Phase 1.3 Build Placer Netlist Model
Phase 1.3 Build Placer Netlist Model | Checksum: 14a62b0ba

Time (s): cpu = 00:00:00.31 ; elapsed = 00:00:00.12 . Memory (MB): peak = 3276.293 ; gain = 56.027 ; free physical = 804 ; free virtual = 12053

Phase 1.4 Constrain Clocks/Macros
Phase 1.4 Constrain Clocks/Macros | Checksum: 14a62b0ba

Time (s): cpu = 00:00:00.31 ; elapsed = 00:00:00.12 . Memory (MB): peak = 3276.293 ; gain = 56.027 ; free physical = 804 ; free virtual = 12053
Phase 1 Placer Initialization | Checksum: 14a62b0ba

Time (s): cpu = 00:00:00.31 ; elapsed = 00:00:00.12 . Memory (MB): peak = 3276.293 ; gain = 56.027 ; free physical = 804 ; free virtual = 12053

Phase 2 Global Placement

Phase 2.1 Floorplanning
Phase 2.1 Floorplanning | Checksum: f09b6849

Time (s): cpu = 00:00:00.48 ; elapsed = 00:00:00.15 . Memory (MB): peak = 3276.293 ; gain = 56.027 ; free physical = 803 ; free virtual = 12053

Phase 2.2 Update Timing before SLR Path Opt
Phase 2.2 Update Timing before SLR Path Opt | Checksum: 1ac5821f8

Time (s): cpu = 00:00:00.56 ; elapsed = 00:00:00.17 . Memory (MB): peak = 3276.293 ; gain = 56.027 ; free physical = 803 ; free virtual = 12053

Phase 2.3 Post-Processing in Floorplanning
Phase 2.3 Post-Processing in Floorplanning | Checksum: 1ac5821f8

Time (s): cpu = 00:00:00.57 ; elapsed = 00:00:00.17 . Memory (MB): peak = 3276.293 ; gain = 56.027 ; free physical = 803 ; free virtual = 12053

Phase 2.4 Global Placement Core

Phase 2.4.1 Physical Synthesis In Placer
INFO: [Physopt 32-1035] Found 0 LUTNM shape to break, 4 LUT instances to create LUTNM shape
INFO: [Physopt 32-1044] Break lutnm for timing: one critical 0, two critical 0, total 0, new lutff created 0
INFO: [Physopt 32-1138] End 1 Pass. Optimized 2 nets or LUTs. Breaked 0 LUT, combined 2 existing LUTs and moved 0 existing LUT
INFO: [Physopt 32-65] No nets found for high-fanout optimization.
INFO: [Physopt 32-232] Optimized 0 net. Created 0 new instance.
INFO: [Physopt 32-775] End 1 Pass. Optimized 0 net or cell. Created 0 new cell, deleted 0 existing cell and moved 0 existing cell
INFO: [Physopt 32-670] No setup violation found.  DSP Register Optimization was not performed.
INFO: [Physopt 32-670] No setup violation found.  Shift Register to Pipeline Optimization was not performed.
INFO: [Physopt 32-670] No setup violation found.  Shift Register Optimization was not performed.
INFO: [Physopt 32-670] No setup violation found.  BRAM Register Optimization was not performed.
INFO: [Physopt 32-670] No setup violation found.  URAM Register Optimization was not performed.
INFO: [Physopt 32-949] No candidate nets found for dynamic/static region interface net replication
INFO: [Physopt 32-775] End 1 Pass. Optimized 0 net or cell. Created 0 new cell, deleted 0 existing cell and moved 0 existing cell
Netlist sorting complete. Time (s): cpu = 00:00:00 ; elapsed = 00:00:00 . Memory (MB): peak = 3276.293 ; gain = 0.000 ; free physical = 777 ; free virtual = 12033

Summary of Physical Synthesis Optimizations
============================================


-----------------------------------------------------------------------------------------------------------------------------------------------------------
|  Optimization                                     |  Added Cells  |  Removed Cells  |  Optimized Cells/Nets  |  Dont Touch  |  Iterations  |  Elapsed   |
-----------------------------------------------------------------------------------------------------------------------------------------------------------
|  LUT Combining                                    |            0  |              2  |                     2  |           0  |           1  |  00:00:00  |
|  Retime                                           |            0  |              0  |                     0  |           0  |           1  |  00:00:00  |
|  Very High Fanout                                 |            0  |              0  |                     0  |           0  |           1  |  00:00:00  |
|  DSP Register                                     |            0  |              0  |                     0  |           0  |           0  |  00:00:00  |
|  Shift Register to Pipeline                       |            0  |              0  |                     0  |           0  |           0  |  00:00:00  |
|  Shift Register                                   |            0  |              0  |                     0  |           0  |           0  |  00:00:00  |
|  BRAM Register                                    |            0  |              0  |                     0  |           0  |           0  |  00:00:00  |
|  URAM Register                                    |            0  |              0  |                     0  |           0  |           0  |  00:00:00  |
|  Dynamic/Static Region Interface Net Replication  |            0  |              0  |                     0  |           0  |           1  |  00:00:00  |
|  Total                                            |            0  |              2  |                     2  |           0  |           4  |  00:00:00  |
-----------------------------------------------------------------------------------------------------------------------------------------------------------


Phase 2.4.1 Physical Synthesis In Placer | Checksum: 12d579337

Time (s): cpu = 00:00:01 ; elapsed = 00:00:00.55 . Memory (MB): peak = 3276.293 ; gain = 56.027 ; free physical = 777 ; free virtual = 12034
Phase 2.4 Global Placement Core | Checksum: c70c7708

Time (s): cpu = 00:00:01 ; elapsed = 00:00:00.56 . Memory (MB): peak = 3276.293 ; gain = 56.027 ; free physical = 777 ; free virtual = 12033
Phase 2 Global Placement | Checksum: c70c7708

Time (s): cpu = 00:00:01 ; elapsed = 00:00:00.57 . Memory (MB): peak = 3276.293 ; gain = 56.027 ; free physical = 777 ; free virtual = 12033

Phase 3 Detail Placement

Phase 3.1 Commit Multi Column Macros
Phase 3.1 Commit Multi Column Macros | Checksum: 1588ce5e4

Time (s): cpu = 00:00:02 ; elapsed = 00:00:00.58 . Memory (MB): peak = 3276.293 ; gain = 56.027 ; free physical = 776 ; free virtual = 12033

Phase 3.2 Commit Most Macros & LUTRAMs
Phase 3.2 Commit Most Macros & LUTRAMs | Checksum: 1158d1625

Time (s): cpu = 00:00:02 ; elapsed = 00:00:00.6 . Memory (MB): peak = 3276.293 ; gain = 56.027 ; free physical = 776 ; free virtual = 12033

Phase 3.3 Area Swap Optimization
Phase 3.3 Area Swap Optimization | Checksum: a6160c9d

Time (s): cpu = 00:00:02 ; elapsed = 00:00:00.6 . Memory (MB): peak = 3276.293 ; gain = 56.027 ; free physical = 776 ; free virtual = 12033

Phase 3.4 Pipeline Register Optimization
Phase 3.4 Pipeline Register Optimization | Checksum: f13d1da0

Time (s): cpu = 00:00:02 ; elapsed = 00:00:00.6 . Memory (MB): peak = 3276.293 ; gain = 56.027 ; free physical = 776 ; free virtual = 12033

Phase 3.5 Small Shape Detail Placement
Phase 3.5 Small Shape Detail Placement | Checksum: 1ab0e94f9

Time (s): cpu = 00:00:02 ; elapsed = 00:00:00.66 . Memory (MB): peak = 3276.293 ; gain = 56.027 ; free physical = 774 ; free virtual = 12031

Phase 3.6 Re-assign LUT pins
Phase 3.6 Re-assign LUT pins | Checksum: 17e4e1bc2

Time (s): cpu = 00:00:02 ; elapsed = 00:00:00.66 . Memory (MB): peak = 3276.293 ; gain = 56.027 ; free physical = 774 ; free virtual = 12031

Phase 3.7 Pipeline Register Optimization
Phase 3.7 Pipeline Register Optimization | Checksum: 1bb468aab

Time (s): cpu = 00:00:02 ; elapsed = 00:00:00.67 . Memory (MB): peak = 3276.293 ; gain = 56.027 ; free physical = 774 ; free virtual = 12031
Phase 3 Detail Placement | Checksum: 1bb468aab

Time (s): cpu = 00:00:02 ; elapsed = 00:00:00.67 . Memory (MB): peak = 3276.293 ; gain = 56.027 ; free physical = 774 ; free virtual = 12031

Phase 4 Post Placement Optimization and Clean-Up

Phase 4.1 Post Commit Optimization
INFO: [Timing 38-35] Done setting XDC timing constraints.

Phase 4.1.1 Post Placement Optimization
Post Placement Optimization Initialization | Checksum: 278bb2738

Phase 4.1.1.1 BUFG Insertion

Starting Physical Synthesis Task

Phase 1 Physical Synthesis Initialization
INFO: [Physopt 32-721] Multithreading enabled for phys_opt_design using a maximum of 8 CPUs
INFO: [Physopt 32-619] Estimated Timing Summary | WNS=15.964 | TNS=0.000 |
Phase 1 Physical Synthesis Initialization | Checksum: 29ef8e56b

Time (s): cpu = 00:00:00.05 ; elapsed = 00:00:00.01 . Memory (MB): peak = 3276.293 ; gain = 0.000 ; free physical = 774 ; free virtual = 12031
INFO: [Place 46-56] BUFG insertion identified 0 candidate nets. Inserted BUFG: 0, Replicated BUFG Driver: 0, Skipped due to Placement/Routing Conflicts: 0, Skipped due to Timing Degradation: 0, Skipped due to Illegal Netlist: 0.
Ending Physical Synthesis Task | Checksum: 29bee2d80

Time (s): cpu = 00:00:00.05 ; elapsed = 00:00:00.01 . Memory (MB): peak = 3276.293 ; gain = 0.000 ; free physical = 774 ; free virtual = 12031
Phase 4.1.1.1 BUFG Insertion | Checksum: 278bb2738

Time (s): cpu = 00:00:02 ; elapsed = 00:00:00.71 . Memory (MB): peak = 3276.293 ; gain = 56.027 ; free physical = 774 ; free virtual = 12031

Phase 4.1.1.2 Post Placement Timing Optimization
INFO: [Place 30-746] Post Placement Timing Summary WNS=15.964. For the most accurate timing information please run report_timing.
Phase 4.1.1.2 Post Placement Timing Optimization | Checksum: 288c3938c

Time (s): cpu = 00:00:02 ; elapsed = 00:00:00.71 . Memory (MB): peak = 3276.293 ; gain = 56.027 ; free physical = 774 ; free virtual = 12031

Time (s): cpu = 00:00:02 ; elapsed = 00:00:00.71 . Memory (MB): peak = 3276.293 ; gain = 56.027 ; free physical = 774 ; free virtual = 12031
Phase 4.1 Post Commit Optimization | Checksum: 288c3938c

Time (s): cpu = 00:00:02 ; elapsed = 00:00:00.71 . Memory (MB): peak = 3276.293 ; gain = 56.027 ; free physical = 774 ; free virtual = 12031

Phase 4.2 Post Placement Cleanup
Phase 4.2 Post Placement Cleanup | Checksum: 288c3938c

Time (s): cpu = 00:00:02 ; elapsed = 00:00:00.71 . Memory (MB): peak = 3276.293 ; gain = 56.027 ; free physical = 775 ; free virtual = 12032

Phase 4.3 Placer Reporting

Phase 4.3.1 Print Estimated Congestion
INFO: [Place 30-612] Post-Placement Estimated Congestion 
 ____________________________________________________
|           | Global Congestion | Short Congestion  |
| Direction | Region Size       | Region Size       |
|___________|___________________|___________________|
|      North|                1x1|                1x1|
|___________|___________________|___________________|
|      South|                1x1|                1x1|
|___________|___________________|___________________|
|       East|                1x1|                1x1|
|___________|___________________|___________________|
|       West|                1x1|                1x1|
|___________|___________________|___________________|

Phase 4.3.1 Print Estimated Congestion | Checksum: 288c3938c

Time (s): cpu = 00:00:02 ; elapsed = 00:00:00.72 . Memory (MB): peak = 3276.293 ; gain = 56.027 ; free physical = 775 ; free virtual = 12032
Phase 4.3 Placer Reporting | Checksum: 288c3938c

Time (s): cpu = 00:00:02 ; elapsed = 00:00:00.72 . Memory (MB): peak = 3276.293 ; gain = 56.027 ; free physical = 775 ; free virtual = 12032

Phase 4.4 Final Placement Cleanup
Netlist sorting complete. Time (s): cpu = 00:00:00 ; elapsed = 00:00:00 . Memory (MB): peak = 3276.293 ; gain = 0.000 ; free physical = 775 ; free virtual = 12032

Time (s): cpu = 00:00:02 ; elapsed = 00:00:00.72 . Memory (MB): peak = 3276.293 ; gain = 56.027 ; free physical = 775 ; free virtual = 12032
Phase 4 Post Placement Optimization and Clean-Up | Checksum: 222ff2b96

Time (s): cpu = 00:00:02 ; elapsed = 00:00:00.72 . Memory (MB): peak = 3276.293 ; gain = 56.027 ; free physical = 775 ; free virtual = 12032
Ending Placer Task | Checksum: 1543769b2

Time (s): cpu = 00:00:02 ; elapsed = 00:00:00.72 . Memory (MB): peak = 3276.293 ; gain = 56.027 ; free physical = 775 ; free virtual = 12032
INFO: [Common 17-83] Releasing license: Implementation
29 Infos, 0 Warnings, 0 Critical Warnings and 0 Errors encountered.
place_design completed successfully
# write_checkpoint -force {/tmp/edagent_uart_echo/checkpoints/post_place.dcp}
INFO: [Timing 38-480] Writing timing data to binary archive.
Writing XDEF routing.
Writing XDEF routing logical nets.
Writing XDEF routing special nets.
Write XDEF Complete: Time (s): cpu = 00:00:00.04 ; elapsed = 00:00:00.01 . Memory (MB): peak = 3276.293 ; gain = 0.000 ; free physical = 787 ; free virtual = 12044
INFO: [Common 17-1381] The checkpoint '/tmp/edagent_uart_echo/checkpoints/post_place.dcp' has been generated.
# route_design
Command: route_design
Attempting to get a license for feature 'Implementation' and/or device 'xc7a35ti'
INFO: [Common 17-349] Got license for feature 'Implementation' and/or device 'xc7a35ti'
Running DRC as a precondition to command route_design
INFO: [DRC 23-27] Running DRC with 8 threads
INFO: [Vivado_Tcl 4-198] DRC finished with 0 Errors
INFO: [Vivado_Tcl 4-199] Please refer to the DRC report (report_drc) for more information.


Starting Routing Task
INFO: [Route 35-254] Multithreading enabled for route_design using a maximum of 8 CPUs

Phase 1 Build RT Design
Checksum: PlaceDB: bbb49da5 ConstDB: 0 ShapeSum: 9882cc0d RouteDB: 0
Post Restoration Checksum: NetGraph: fd6294f3 NumContArr: 6440387a Constraints: 0 Timing: 0
Phase 1 Build RT Design | Checksum: 161a2cd6d

Time (s): cpu = 00:00:07 ; elapsed = 00:00:06 . Memory (MB): peak = 3308.215 ; gain = 16.977 ; free physical = 644 ; free virtual = 11901

Phase 2 Router Initialization

Phase 2.1 Fix Topology Constraints
Phase 2.1 Fix Topology Constraints | Checksum: 161a2cd6d

Time (s): cpu = 00:00:07 ; elapsed = 00:00:07 . Memory (MB): peak = 3329.211 ; gain = 37.973 ; free physical = 610 ; free virtual = 11868

Phase 2.2 Pre Route Cleanup
Phase 2.2 Pre Route Cleanup | Checksum: 161a2cd6d

Time (s): cpu = 00:00:07 ; elapsed = 00:00:07 . Memory (MB): peak = 3329.211 ; gain = 37.973 ; free physical = 610 ; free virtual = 11868
 Number of Nodes with overlaps = 0

Phase 2.3 Update Timing
Phase 2.3 Update Timing | Checksum: 102b31207

Time (s): cpu = 00:00:08 ; elapsed = 00:00:07 . Memory (MB): peak = 3341.211 ; gain = 49.973 ; free physical = 600 ; free virtual = 11859
INFO: [Route 35-416] Intermediate Timing Summary | WNS=16.017 | TNS=0.000  | WHS=-0.144 | THS=-2.503 |


Router Utilization Summary
  Global Vertical Routing Utilization    = 0 %
  Global Horizontal Routing Utilization  = 0 %
  Routable Net Status*
  *Does not include unroutable nets such as driverless and loadless.
  Run report_route_status for detailed report.
  Number of Failed Nets               = 96
    (Failed Nets is the sum of unrouted and partially routed nets)
  Number of Unrouted Nets             = 96
  Number of Partially Routed Nets     = 0
  Number of Node Overlaps             = 0

Phase 2 Router Initialization | Checksum: d4254d0d

Time (s): cpu = 00:00:08 ; elapsed = 00:00:07 . Memory (MB): peak = 3344.211 ; gain = 52.973 ; free physical = 599 ; free virtual = 11857

Phase 3 Initial Routing

Phase 3.1 Global Routing
Phase 3.1 Global Routing | Checksum: d4254d0d

Time (s): cpu = 00:00:08 ; elapsed = 00:00:07 . Memory (MB): peak = 3344.211 ; gain = 52.973 ; free physical = 599 ; free virtual = 11857
Phase 3 Initial Routing | Checksum: 15d7e88a0

Time (s): cpu = 00:00:08 ; elapsed = 00:00:07 . Memory (MB): peak = 3344.211 ; gain = 52.973 ; free physical = 600 ; free virtual = 11859

Phase 4 Rip-up And Reroute

Phase 4.1 Global Iteration 0
 Number of Nodes with overlaps = 8
 Number of Nodes with overlaps = 0
INFO: [Route 35-416] Intermediate Timing Summary | WNS=15.467 | TNS=0.000  | WHS=N/A    | THS=N/A    |

Phase 4.1 Global Iteration 0 | Checksum: 21f8d3d12

Time (s): cpu = 00:00:08 ; elapsed = 00:00:07 . Memory (MB): peak = 3344.211 ; gain = 52.973 ; free physical = 601 ; free virtual = 11860
Phase 4 Rip-up And Reroute | Checksum: 21f8d3d12

Time (s): cpu = 00:00:08 ; elapsed = 00:00:07 . Memory (MB): peak = 3344.211 ; gain = 52.973 ; free physical = 601 ; free virtual = 11860

Phase 5 Delay and Skew Optimization

Phase 5.1 Delay CleanUp

Phase 5.1.1 Update Timing
Phase 5.1.1 Update Timing | Checksum: 24d1ae85c

Time (s): cpu = 00:00:08 ; elapsed = 00:00:07 . Memory (MB): peak = 3344.211 ; gain = 52.973 ; free physical = 601 ; free virtual = 11860
INFO: [Route 35-416] Intermediate Timing Summary | WNS=15.560 | TNS=0.000  | WHS=N/A    | THS=N/A    |

Phase 5.1 Delay CleanUp | Checksum: 24d1ae85c

Time (s): cpu = 00:00:08 ; elapsed = 00:00:07 . Memory (MB): peak = 3344.211 ; gain = 52.973 ; free physical = 601 ; free virtual = 11860

Phase 5.2 Clock Skew Optimization
Phase 5.2 Clock Skew Optimization | Checksum: 24d1ae85c

Time (s): cpu = 00:00:08 ; elapsed = 00:00:07 . Memory (MB): peak = 3344.211 ; gain = 52.973 ; free physical = 601 ; free virtual = 11860
Phase 5 Delay and Skew Optimization | Checksum: 24d1ae85c

Time (s): cpu = 00:00:08 ; elapsed = 00:00:07 . Memory (MB): peak = 3344.211 ; gain = 52.973 ; free physical = 601 ; free virtual = 11860

Phase 6 Post Hold Fix

Phase 6.1 Hold Fix Iter

Phase 6.1.1 Update Timing
Phase 6.1.1 Update Timing | Checksum: 1fd80e66d

Time (s): cpu = 00:00:08 ; elapsed = 00:00:07 . Memory (MB): peak = 3344.211 ; gain = 52.973 ; free physical = 601 ; free virtual = 11860
INFO: [Route 35-416] Intermediate Timing Summary | WNS=15.560 | TNS=0.000  | WHS=0.152  | THS=0.000  |

Phase 6.1 Hold Fix Iter | Checksum: 2b9aa7998

Time (s): cpu = 00:00:08 ; elapsed = 00:00:07 . Memory (MB): peak = 3344.211 ; gain = 52.973 ; free physical = 601 ; free virtual = 11860
Phase 6 Post Hold Fix | Checksum: 2b9aa7998

Time (s): cpu = 00:00:08 ; elapsed = 00:00:07 . Memory (MB): peak = 3344.211 ; gain = 52.973 ; free physical = 601 ; free virtual = 11860

Phase 7 Route finalize

Router Utilization Summary
  Global Vertical Routing Utilization    = 0.0289404 %
  Global Horizontal Routing Utilization  = 0.0294118 %
  Routable Net Status*
  *Does not include unroutable nets such as driverless and loadless.
  Run report_route_status for detailed report.
  Number of Failed Nets               = 0
    (Failed Nets is the sum of unrouted and partially routed nets)
  Number of Unrouted Nets             = 0
  Number of Partially Routed Nets     = 0
  Number of Node Overlaps             = 0

Phase 7 Route finalize | Checksum: 210570e92

Time (s): cpu = 00:00:08 ; elapsed = 00:00:07 . Memory (MB): peak = 3344.211 ; gain = 52.973 ; free physical = 601 ; free virtual = 11860

Phase 8 Verifying routed nets

 Verification completed successfully
Phase 8 Verifying routed nets | Checksum: 210570e92

Time (s): cpu = 00:00:08 ; elapsed = 00:00:07 . Memory (MB): peak = 3344.211 ; gain = 52.973 ; free physical = 601 ; free virtual = 11859

Phase 9 Depositing Routes
Phase 9 Depositing Routes | Checksum: 1c8ab9dbd

Time (s): cpu = 00:00:08 ; elapsed = 00:00:07 . Memory (MB): peak = 3360.219 ; gain = 68.980 ; free physical = 601 ; free virtual = 11859

Phase 10 Post Router Timing
INFO: [Route 35-57] Estimated Timing Summary | WNS=15.560 | TNS=0.000  | WHS=0.152  | THS=0.000  |

INFO: [Route 35-327] The final timing numbers are based on the router estimated timing analysis. For a complete and accurate timing signoff, please run report_timing_summary.
Phase 10 Post Router Timing | Checksum: 1c8ab9dbd

Time (s): cpu = 00:00:08 ; elapsed = 00:00:07 . Memory (MB): peak = 3360.219 ; gain = 68.980 ; free physical = 601 ; free virtual = 11859
INFO: [Route 35-16] Router Completed Successfully

Time (s): cpu = 00:00:08 ; elapsed = 00:00:07 . Memory (MB): peak = 3360.219 ; gain = 68.980 ; free physical = 634 ; free virtual = 11893

Routing Is Done.
INFO: [Common 17-83] Releasing license: Implementation
13 Infos, 0 Warnings, 0 Critical Warnings and 0 Errors encountered.
route_design completed successfully
route_design: Time (s): cpu = 00:00:08 ; elapsed = 00:00:07 . Memory (MB): peak = 3360.219 ; gain = 83.926 ; free physical = 634 ; free virtual = 11892
# write_checkpoint -force {/tmp/edagent_uart_echo/checkpoints/post_route.dcp}
INFO: [Timing 38-480] Writing timing data to binary archive.
Writing XDEF routing.
Writing XDEF routing logical nets.
Writing XDEF routing special nets.
Write XDEF Complete: Time (s): cpu = 00:00:00.03 ; elapsed = 00:00:00.02 . Memory (MB): peak = 3369.125 ; gain = 8.906 ; free physical = 631 ; free virtual = 11890
INFO: [Common 17-1381] The checkpoint '/tmp/edagent_uart_echo/checkpoints/post_route.dcp' has been generated.
# report_timing_summary -file {/tmp/edagent_uart_echo/reports/post_impl_timing_summary.rpt}
INFO: [Timing 38-91] UpdateTimingParams: Speed grade: -1L, Delay Type: min_max.
INFO: [Timing 38-191] Multithreading enabled for timing update using a maximum of 8 CPUs
# report_utilization -file {/tmp/edagent_uart_echo/reports/post_impl_utilization.rpt}
# report_drc -file {/tmp/edagent_uart_echo/reports/post_impl_drc.rpt}
Command: report_drc -file /tmp/edagent_uart_echo/reports/post_impl_drc.rpt
INFO: [IP_Flow 19-234] Refreshing IP repositories
INFO: [IP_Flow 19-1704] No user IP repositories specified
INFO: [IP_Flow 19-2313] Loaded Vivado IP repository '/home/xilinx/vivado/Vivado/2022.1/data/ip'.
INFO: [DRC 23-27] Running DRC with 8 threads
INFO: [Vivado_Tcl 2-168] The results of DRC are in file /tmp/edagent_uart_echo/reports/post_impl_drc.rpt.
report_drc completed successfully
# puts "INFO: Implementation completed successfully"
INFO: Implementation completed successfully
# exit
INFO: [Common 17-206] Exiting Vivado at Thu May 21 11:54:48 2026...
